<?xml version="1.0" encoding="UTF-8"?>
<!-- Generated by org.testng.reporters.JUnitXMLReporter -->
<testsuite ignored="0" hostname="DESKTOP-KVBJ93D" failures="2" tests="14" name="AlphaTestNG" time="11.671" errors="0" timestamp="2022-11-25T20:19:33 IST">
  <testcase classname="TestNGBasic.TestFacebook" name="validateLogo" time="0.009"/>
  <testcase classname="TestNGBasic.TestFacebook" name="validateTitleTC" time="0.004"/>
  <testcase classname="TestNGBasic.DependsOn" name="validateloginTC" time="0.007">
    <failure type="java.lang.AssertionError" message="expected [true] but found [false]">
      <![CDATA[java.lang.AssertionError: expected [true] but found [false]
at TestNGBasic.DependsOn.validateloginTC(DependsOn.java:20)
at java.base/java.util.ArrayList.forEach(ArrayList.java:1511)
... Removed 31 stack frames]]>
    </failure>
  </testcase> <!-- validateloginTC -->
  <testcase classname="TestNGBasic.DependsOn" name="postmessage" time="0.0">
    <skipped/>
  </testcase> <!-- postmessage -->
  <testcase classname="TestNGBasic.DependsOn" name="validateacceptfriendrequestTC" time="0.0">
    <skipped/>
  </testcase> <!-- validateacceptfriendrequestTC -->
  <testcase classname="TestNGBasic.DependsOn" name="validatelogo" time="0.001"/>
  <testcase classname="TestNGBasic.DependsOn" name="validatesendfriendrequestTC" time="0.0">
    <skipped/>
  </testcase> <!-- validatesendfriendrequestTC -->
  <testcase classname="TestNGBasic.priorityDemoTestNg" name="beta" time="0.003"/>
  <testcase classname="TestNGBasic.priorityDemoTestNg" name="xerox" time="0.007"/>
  <testcase classname="TestNGBasic.priorityDemoTestNg" name="lion" time="0.001"/>
  <testcase classname="TestNGBasic.priorityDemoTestNg" name="apple" time="0.001"/>
  <testcase classname="TestNGBasic.priorityDemoTestNg" name="delpha" time="0.002"/>
  <testcase classname="TestNGBasic.Assertion" name="ValidateLogoisDisplayed" time="6.533">
    <failure type="java.lang.AssertionError" message="expected [true] but found [false]">
      <![CDATA[java.lang.AssertionError: expected [true] but found [false]
at TestNGBasic.Assertion.ValidateLogoisDisplayed(Assertion.java:34)
at java.base/java.util.ArrayList.forEach(ArrayList.java:1511)
... Removed 31 stack frames]]>
    </failure>
  </testcase> <!-- ValidateLogoisDisplayed -->
  <testcase classname="TestNGBasic.Assertion" name="validateTitleTC" time="4.95"/>
</testsuite> <!-- AlphaTestNG -->
